2025-10-07 16:08:24 INFO  [main] c.p.PatientServiceApplication - Starting PatientServiceApplication using Java 24.0.1 with PID 7300 (D:\Projects\Microservices\HMS\patient\target\classes started by JD in D:\Projects\Microservices\HMS\patient)
2025-10-07 16:08:24 INFO  [main] c.p.PatientServiceApplication - No active profile set, falling back to 1 default profile: "default"
2025-10-07 16:08:26 INFO  [main] o.s.d.r.c.RepositoryConfigurationDelegate - Bootstrapping Spring Data JPA repositories in DEFAULT mode.
2025-10-07 16:08:26 INFO  [main] o.s.d.r.c.RepositoryConfigurationDelegate - Finished Spring Data repository scanning in 153 ms. Found 1 JPA repository interface.
2025-10-07 16:08:28 INFO  [main] o.s.b.w.e.tomcat.TomcatWebServer - Tomcat initialized with port 8082 (http)
2025-10-07 16:08:28 INFO  [main] o.a.catalina.core.StandardService - Starting service [Tomcat]
2025-10-07 16:08:28 INFO  [main] o.a.catalina.core.StandardEngine - Starting Servlet engine: [Apache Tomcat/10.1.46]
2025-10-07 16:08:29 INFO  [main] o.a.c.c.C.[Tomcat].[localhost].[/] - Initializing Spring embedded WebApplicationContext
2025-10-07 16:08:29 INFO  [main] o.s.b.w.s.c.ServletWebServerApplicationContext - Root WebApplicationContext: initialization completed in 4571 ms
2025-10-07 16:08:29 INFO  [main] o.h.jpa.internal.util.LogHelper - HHH000204: Processing PersistenceUnitInfo [name: default]
2025-10-07 16:08:29 INFO  [main] org.hibernate.Version - HHH000412: Hibernate ORM core version 6.6.29.Final
2025-10-07 16:08:30 INFO  [main] o.h.c.i.RegionFactoryInitiator - HHH000026: Second-level cache disabled
2025-10-07 16:08:30 INFO  [main] o.s.o.j.p.SpringPersistenceUnitInfo - No LoadTimeWeaver setup: ignoring JPA class transformer
2025-10-07 16:08:30 INFO  [main] com.zaxxer.hikari.HikariDataSource - HikariPool-1 - Starting...
2025-10-07 16:08:31 INFO  [main] com.zaxxer.hikari.pool.HikariPool - HikariPool-1 - Added connection org.postgresql.jdbc.PgConnection@1a4083f6
2025-10-07 16:08:31 INFO  [main] com.zaxxer.hikari.HikariDataSource - HikariPool-1 - Start completed.
2025-10-07 16:08:31 WARN  [main] org.hibernate.orm.deprecation - HHH90000025: PostgreSQLDialect does not need to be specified explicitly using 'hibernate.dialect' (remove the property setting and it will be selected by default)
2025-10-07 16:08:31 INFO  [main] o.hibernate.orm.connections.pooling - HHH10001005: Database info:
	Database JDBC URL [Connecting through datasource 'HikariDataSource (HikariPool-1)']
	Database driver: undefined/unknown
	Database version: 17.4
	Autocommit mode: undefined/unknown
	Isolation level: undefined/unknown
	Minimum pool size: undefined/unknown
	Maximum pool size: undefined/unknown
2025-10-07 16:08:34 INFO  [main] o.h.e.t.j.p.i.JtaPlatformInitiator - HHH000489: No JTA platform available (set 'hibernate.transaction.jta.platform' to enable JTA platform integration)
2025-10-07 16:08:34 INFO  [main] o.s.o.j.LocalContainerEntityManagerFactoryBean - Initialized JPA EntityManagerFactory for persistence unit 'default'
2025-10-07 16:08:35 WARN  [main] o.s.b.a.o.j.JpaBaseConfiguration$JpaWebConfiguration - spring.jpa.open-in-view is enabled by default. Therefore, database queries may be performed during view rendering. Explicitly configure spring.jpa.open-in-view to disable this warning
2025-10-07 16:08:35 WARN  [main] o.s.b.a.s.s.UserDetailsServiceAutoConfiguration - 

Using generated security password: b081b5a6-5366-4d8a-b173-916932bae1cf

This generated password is for development use only. Your security configuration must be updated before running your application in production.

2025-10-07 16:08:35 INFO  [main] o.s.s.c.a.a.c.InitializeUserDetailsBeanManagerConfigurer$InitializeUserDetailsManagerConfigurer - Global AuthenticationManager configured with UserDetailsService bean with name inMemoryUserDetailsManager
2025-10-07 16:08:36 INFO  [main] o.s.b.w.e.tomcat.TomcatWebServer - Tomcat started on port 8082 (http) with context path '/'
2025-10-07 16:08:36 INFO  [main] c.p.PatientServiceApplication - Started PatientServiceApplication in 13.655 seconds (process running for 16.156)
2025-10-07 16:11:16 INFO  [http-nio-8082-exec-3] o.a.c.c.C.[Tomcat].[localhost].[/] - Initializing Spring DispatcherServlet 'dispatcherServlet'
2025-10-07 16:11:16 INFO  [http-nio-8082-exec-3] o.s.web.servlet.DispatcherServlet - Initializing Servlet 'dispatcherServlet'
2025-10-07 16:11:17 INFO  [http-nio-8082-exec-3] o.s.web.servlet.DispatcherServlet - Completed initialization in 83 ms
2025-10-07 16:11:18 INFO  [http-nio-8082-exec-3] c.p.service.PatientService - Add patient: John Doe
2025-10-07 16:16:30 WARN  [http-nio-8082-exec-4] o.s.w.s.m.s.DefaultHandlerExceptionResolver - Resolved [org.springframework.http.converter.HttpMessageNotReadableException: JSON parse error: Cannot deserialize value of type `java.time.LocalDate` from String "10/07/2025": Failed to deserialize java.time.LocalDate: (java.time.format.DateTimeParseException) Text '10/07/2025' could not be parsed at index 0]
2025-10-07 16:17:49 INFO  [http-nio-8082-exec-7] c.p.service.PatientService - Add patient: John
2025-10-07 16:21:28 INFO  [http-nio-8082-exec-10] c.p.service.PatientService - Get All Patients 
2025-10-07 16:22:36 INFO  [SpringApplicationShutdownHook] o.s.b.w.e.tomcat.GracefulShutdown - Commencing graceful shutdown. Waiting for active requests to complete
2025-10-07 16:22:36 INFO  [tomcat-shutdown] o.s.b.w.e.tomcat.GracefulShutdown - Graceful shutdown complete
2025-10-07 16:22:36 INFO  [SpringApplicationShutdownHook] o.s.o.j.LocalContainerEntityManagerFactoryBean - Closing JPA EntityManagerFactory for persistence unit 'default'
2025-10-07 16:22:36 INFO  [SpringApplicationShutdownHook] com.zaxxer.hikari.HikariDataSource - HikariPool-1 - Shutdown initiated...
2025-10-07 16:22:36 INFO  [SpringApplicationShutdownHook] com.zaxxer.hikari.HikariDataSource - HikariPool-1 - Shutdown completed.
2025-10-07 16:32:03 INFO  [main] c.p.PatientServiceApplication - Starting PatientServiceApplication using Java 24.0.1 with PID 16508 (D:\Projects\Microservices\HMS\patient\target\classes started by JD in D:\Projects\Microservices\HMS\patient)
2025-10-07 16:32:03 INFO  [main] c.p.PatientServiceApplication - No active profile set, falling back to 1 default profile: "default"
2025-10-07 16:32:05 INFO  [main] o.s.d.r.c.RepositoryConfigurationDelegate - Bootstrapping Spring Data JPA repositories in DEFAULT mode.
2025-10-07 16:32:05 INFO  [main] o.s.d.r.c.RepositoryConfigurationDelegate - Finished Spring Data repository scanning in 126 ms. Found 1 JPA repository interface.
2025-10-07 16:32:07 INFO  [main] o.s.b.w.e.tomcat.TomcatWebServer - Tomcat initialized with port 8082 (http)
2025-10-07 16:32:07 INFO  [main] o.a.catalina.core.StandardService - Starting service [Tomcat]
2025-10-07 16:32:07 INFO  [main] o.a.catalina.core.StandardEngine - Starting Servlet engine: [Apache Tomcat/10.1.46]
2025-10-07 16:32:07 INFO  [main] o.a.c.c.C.[Tomcat].[localhost].[/] - Initializing Spring embedded WebApplicationContext
2025-10-07 16:32:07 INFO  [main] o.s.b.w.s.c.ServletWebServerApplicationContext - Root WebApplicationContext: initialization completed in 4521 ms
2025-10-07 16:32:08 INFO  [main] o.h.jpa.internal.util.LogHelper - HHH000204: Processing PersistenceUnitInfo [name: default]
2025-10-07 16:32:08 INFO  [main] org.hibernate.Version - HHH000412: Hibernate ORM core version 6.6.29.Final
2025-10-07 16:32:08 INFO  [main] o.h.c.i.RegionFactoryInitiator - HHH000026: Second-level cache disabled
2025-10-07 16:32:09 INFO  [main] o.s.o.j.p.SpringPersistenceUnitInfo - No LoadTimeWeaver setup: ignoring JPA class transformer
2025-10-07 16:32:09 INFO  [main] com.zaxxer.hikari.HikariDataSource - HikariPool-1 - Starting...
2025-10-07 16:32:10 INFO  [main] com.zaxxer.hikari.pool.HikariPool - HikariPool-1 - Added connection org.postgresql.jdbc.PgConnection@1a345298
2025-10-07 16:32:10 INFO  [main] com.zaxxer.hikari.HikariDataSource - HikariPool-1 - Start completed.
2025-10-07 16:32:10 WARN  [main] org.hibernate.orm.deprecation - HHH90000025: PostgreSQLDialect does not need to be specified explicitly using 'hibernate.dialect' (remove the property setting and it will be selected by default)
2025-10-07 16:32:10 INFO  [main] o.hibernate.orm.connections.pooling - HHH10001005: Database info:
	Database JDBC URL [Connecting through datasource 'HikariDataSource (HikariPool-1)']
	Database driver: undefined/unknown
	Database version: 17.4
	Autocommit mode: undefined/unknown
	Isolation level: undefined/unknown
	Minimum pool size: undefined/unknown
	Maximum pool size: undefined/unknown
2025-10-07 16:32:12 INFO  [main] o.h.e.t.j.p.i.JtaPlatformInitiator - HHH000489: No JTA platform available (set 'hibernate.transaction.jta.platform' to enable JTA platform integration)
2025-10-07 16:32:12 INFO  [main] o.s.o.j.LocalContainerEntityManagerFactoryBean - Initialized JPA EntityManagerFactory for persistence unit 'default'
2025-10-07 16:32:13 WARN  [main] o.s.b.a.o.j.JpaBaseConfiguration$JpaWebConfiguration - spring.jpa.open-in-view is enabled by default. Therefore, database queries may be performed during view rendering. Explicitly configure spring.jpa.open-in-view to disable this warning
2025-10-07 16:32:13 WARN  [main] o.s.b.a.s.s.UserDetailsServiceAutoConfiguration - 

Using generated security password: 2cc345ec-b0f6-42e6-9b99-25c5c47bd45a

This generated password is for development use only. Your security configuration must be updated before running your application in production.

2025-10-07 16:32:13 INFO  [main] o.s.s.c.a.a.c.InitializeUserDetailsBeanManagerConfigurer$InitializeUserDetailsManagerConfigurer - Global AuthenticationManager configured with UserDetailsService bean with name inMemoryUserDetailsManager
2025-10-07 16:32:14 INFO  [main] o.s.b.w.e.tomcat.TomcatWebServer - Tomcat started on port 8082 (http) with context path '/'
2025-10-07 16:32:14 INFO  [main] c.p.PatientServiceApplication - Started PatientServiceApplication in 13.375 seconds (process running for 14.628)
2025-10-07 16:35:11 INFO  [http-nio-8082-exec-1] o.a.c.c.C.[Tomcat].[localhost].[/] - Initializing Spring DispatcherServlet 'dispatcherServlet'
2025-10-07 16:35:11 INFO  [http-nio-8082-exec-1] o.s.web.servlet.DispatcherServlet - Initializing Servlet 'dispatcherServlet'
2025-10-07 16:35:11 INFO  [http-nio-8082-exec-1] o.s.web.servlet.DispatcherServlet - Completed initialization in 2 ms
2025-10-07 16:35:11 INFO  [http-nio-8082-exec-1] c.p.service.PatientService - Get All Patients 
2025-10-07 16:38:29 INFO  [http-nio-8082-exec-5] c.p.service.PatientService - Add patient: Jay
2025-10-07 16:41:17 INFO  [SpringApplicationShutdownHook] o.s.b.w.e.tomcat.GracefulShutdown - Commencing graceful shutdown. Waiting for active requests to complete
2025-10-07 16:41:17 INFO  [tomcat-shutdown] o.s.b.w.e.tomcat.GracefulShutdown - Graceful shutdown complete
2025-10-07 16:41:17 INFO  [SpringApplicationShutdownHook] o.s.o.j.LocalContainerEntityManagerFactoryBean - Closing JPA EntityManagerFactory for persistence unit 'default'
2025-10-07 16:41:17 INFO  [SpringApplicationShutdownHook] com.zaxxer.hikari.HikariDataSource - HikariPool-1 - Shutdown initiated...
2025-10-07 16:41:17 INFO  [SpringApplicationShutdownHook] com.zaxxer.hikari.HikariDataSource - HikariPool-1 - Shutdown completed.
2025-10-07 16:41:37 INFO  [main] c.p.PatientServiceApplication - Starting PatientServiceApplication using Java 24.0.1 with PID 20224 (D:\Projects\Microservices\HMS\patient\target\classes started by JD in D:\Projects\Microservices\HMS\patient)
2025-10-07 16:41:37 INFO  [main] c.p.PatientServiceApplication - No active profile set, falling back to 1 default profile: "default"
2025-10-07 16:41:40 INFO  [main] o.s.d.r.c.RepositoryConfigurationDelegate - Bootstrapping Spring Data JPA repositories in DEFAULT mode.
2025-10-07 16:41:40 INFO  [main] o.s.d.r.c.RepositoryConfigurationDelegate - Finished Spring Data repository scanning in 190 ms. Found 1 JPA repository interface.
2025-10-07 16:41:42 INFO  [main] o.s.b.w.e.tomcat.TomcatWebServer - Tomcat initialized with port 8082 (http)
2025-10-07 16:41:42 INFO  [main] o.a.catalina.core.StandardService - Starting service [Tomcat]
2025-10-07 16:41:42 INFO  [main] o.a.catalina.core.StandardEngine - Starting Servlet engine: [Apache Tomcat/10.1.46]
2025-10-07 16:41:42 INFO  [main] o.a.c.c.C.[Tomcat].[localhost].[/] - Initializing Spring embedded WebApplicationContext
2025-10-07 16:41:42 INFO  [main] o.s.b.w.s.c.ServletWebServerApplicationContext - Root WebApplicationContext: initialization completed in 5534 ms
2025-10-07 16:41:43 INFO  [main] o.h.jpa.internal.util.LogHelper - HHH000204: Processing PersistenceUnitInfo [name: default]
2025-10-07 16:41:43 INFO  [main] org.hibernate.Version - HHH000412: Hibernate ORM core version 6.6.29.Final
2025-10-07 16:41:43 INFO  [main] o.h.c.i.RegionFactoryInitiator - HHH000026: Second-level cache disabled
2025-10-07 16:41:44 INFO  [main] o.s.o.j.p.SpringPersistenceUnitInfo - No LoadTimeWeaver setup: ignoring JPA class transformer
2025-10-07 16:41:45 INFO  [main] com.zaxxer.hikari.HikariDataSource - HikariPool-1 - Starting...
2025-10-07 16:41:45 INFO  [main] com.zaxxer.hikari.pool.HikariPool - HikariPool-1 - Added connection org.postgresql.jdbc.PgConnection@5ad57e90
2025-10-07 16:41:45 INFO  [main] com.zaxxer.hikari.HikariDataSource - HikariPool-1 - Start completed.
2025-10-07 16:41:45 WARN  [main] org.hibernate.orm.deprecation - HHH90000025: PostgreSQLDialect does not need to be specified explicitly using 'hibernate.dialect' (remove the property setting and it will be selected by default)
2025-10-07 16:41:45 INFO  [main] o.hibernate.orm.connections.pooling - HHH10001005: Database info:
	Database JDBC URL [Connecting through datasource 'HikariDataSource (HikariPool-1)']
	Database driver: undefined/unknown
	Database version: 17.4
	Autocommit mode: undefined/unknown
	Isolation level: undefined/unknown
	Minimum pool size: undefined/unknown
	Maximum pool size: undefined/unknown
2025-10-07 16:41:48 INFO  [main] o.h.e.t.j.p.i.JtaPlatformInitiator - HHH000489: No JTA platform available (set 'hibernate.transaction.jta.platform' to enable JTA platform integration)
2025-10-07 16:41:48 INFO  [main] o.s.o.j.LocalContainerEntityManagerFactoryBean - Initialized JPA EntityManagerFactory for persistence unit 'default'
2025-10-07 16:41:49 WARN  [main] o.s.b.a.o.j.JpaBaseConfiguration$JpaWebConfiguration - spring.jpa.open-in-view is enabled by default. Therefore, database queries may be performed during view rendering. Explicitly configure spring.jpa.open-in-view to disable this warning
2025-10-07 16:41:49 WARN  [main] o.s.b.a.s.s.UserDetailsServiceAutoConfiguration - 

Using generated security password: 1ded6dfb-3970-4ee5-93b6-15c3f509064d

This generated password is for development use only. Your security configuration must be updated before running your application in production.

2025-10-07 16:41:49 INFO  [main] o.s.s.c.a.a.c.InitializeUserDetailsBeanManagerConfigurer$InitializeUserDetailsManagerConfigurer - Global AuthenticationManager configured with UserDetailsService bean with name inMemoryUserDetailsManager
2025-10-07 16:41:51 INFO  [main] o.s.b.w.e.tomcat.TomcatWebServer - Tomcat started on port 8082 (http) with context path '/'
2025-10-07 16:41:51 INFO  [main] c.p.PatientServiceApplication - Started PatientServiceApplication in 15.743 seconds (process running for 17.068)
2025-10-07 16:41:53 INFO  [SpringApplicationShutdownHook] o.s.b.w.e.tomcat.GracefulShutdown - Commencing graceful shutdown. Waiting for active requests to complete
2025-10-07 16:41:53 INFO  [tomcat-shutdown] o.s.b.w.e.tomcat.GracefulShutdown - Graceful shutdown complete
2025-10-07 16:41:53 INFO  [SpringApplicationShutdownHook] o.s.o.j.LocalContainerEntityManagerFactoryBean - Closing JPA EntityManagerFactory for persistence unit 'default'
2025-10-07 16:41:53 INFO  [SpringApplicationShutdownHook] com.zaxxer.hikari.HikariDataSource - HikariPool-1 - Shutdown initiated...
2025-10-07 16:41:53 INFO  [SpringApplicationShutdownHook] com.zaxxer.hikari.HikariDataSource - HikariPool-1 - Shutdown completed.
2025-10-07 16:42:01 INFO  [main] c.p.PatientServiceApplication - Starting PatientServiceApplication using Java 24.0.1 with PID 6436 (D:\Projects\Microservices\HMS\patient\target\classes started by JD in D:\Projects\Microservices\HMS\patient)
2025-10-07 16:42:01 INFO  [main] c.p.PatientServiceApplication - No active profile set, falling back to 1 default profile: "default"
2025-10-07 16:42:05 INFO  [main] o.s.d.r.c.RepositoryConfigurationDelegate - Bootstrapping Spring Data JPA repositories in DEFAULT mode.
2025-10-07 16:42:05 INFO  [main] o.s.d.r.c.RepositoryConfigurationDelegate - Finished Spring Data repository scanning in 191 ms. Found 1 JPA repository interface.
2025-10-07 16:42:08 INFO  [main] o.s.b.w.e.tomcat.TomcatWebServer - Tomcat initialized with port 8082 (http)
2025-10-07 16:42:08 INFO  [main] o.a.catalina.core.StandardService - Starting service [Tomcat]
2025-10-07 16:42:08 INFO  [main] o.a.catalina.core.StandardEngine - Starting Servlet engine: [Apache Tomcat/10.1.46]
2025-10-07 16:42:08 INFO  [main] o.a.c.c.C.[Tomcat].[localhost].[/] - Initializing Spring embedded WebApplicationContext
2025-10-07 16:42:08 INFO  [main] o.s.b.w.s.c.ServletWebServerApplicationContext - Root WebApplicationContext: initialization completed in 6284 ms
2025-10-07 16:42:09 INFO  [main] o.h.jpa.internal.util.LogHelper - HHH000204: Processing PersistenceUnitInfo [name: default]
2025-10-07 16:42:09 INFO  [main] org.hibernate.Version - HHH000412: Hibernate ORM core version 6.6.29.Final
2025-10-07 16:42:09 INFO  [main] o.h.c.i.RegionFactoryInitiator - HHH000026: Second-level cache disabled
2025-10-07 16:42:11 INFO  [main] o.s.o.j.p.SpringPersistenceUnitInfo - No LoadTimeWeaver setup: ignoring JPA class transformer
2025-10-07 16:42:11 INFO  [main] com.zaxxer.hikari.HikariDataSource - HikariPool-1 - Starting...
2025-10-07 16:42:11 INFO  [main] com.zaxxer.hikari.pool.HikariPool - HikariPool-1 - Added connection org.postgresql.jdbc.PgConnection@20890a1a
2025-10-07 16:42:11 INFO  [main] com.zaxxer.hikari.HikariDataSource - HikariPool-1 - Start completed.
2025-10-07 16:42:12 WARN  [main] org.hibernate.orm.deprecation - HHH90000025: PostgreSQLDialect does not need to be specified explicitly using 'hibernate.dialect' (remove the property setting and it will be selected by default)
2025-10-07 16:42:12 INFO  [main] o.hibernate.orm.connections.pooling - HHH10001005: Database info:
	Database JDBC URL [Connecting through datasource 'HikariDataSource (HikariPool-1)']
	Database driver: undefined/unknown
	Database version: 17.4
	Autocommit mode: undefined/unknown
	Isolation level: undefined/unknown
	Minimum pool size: undefined/unknown
	Maximum pool size: undefined/unknown
2025-10-07 16:42:15 INFO  [main] o.h.e.t.j.p.i.JtaPlatformInitiator - HHH000489: No JTA platform available (set 'hibernate.transaction.jta.platform' to enable JTA platform integration)
2025-10-07 16:42:15 INFO  [main] o.s.o.j.LocalContainerEntityManagerFactoryBean - Initialized JPA EntityManagerFactory for persistence unit 'default'
2025-10-07 16:42:16 WARN  [main] o.s.b.a.o.j.JpaBaseConfiguration$JpaWebConfiguration - spring.jpa.open-in-view is enabled by default. Therefore, database queries may be performed during view rendering. Explicitly configure spring.jpa.open-in-view to disable this warning
2025-10-07 16:42:16 WARN  [main] o.s.b.a.s.s.UserDetailsServiceAutoConfiguration - 

Using generated security password: 18d7ff44-5fe4-43f6-97c7-9372eb02e7ca

This generated password is for development use only. Your security configuration must be updated before running your application in production.

2025-10-07 16:42:16 INFO  [main] o.s.s.c.a.a.c.InitializeUserDetailsBeanManagerConfigurer$InitializeUserDetailsManagerConfigurer - Global AuthenticationManager configured with UserDetailsService bean with name inMemoryUserDetailsManager
2025-10-07 16:42:18 INFO  [main] o.s.b.w.e.tomcat.TomcatWebServer - Tomcat started on port 8082 (http) with context path '/'
2025-10-07 16:42:18 INFO  [main] c.p.PatientServiceApplication - Started PatientServiceApplication in 18.885 seconds (process running for 21.16)
2025-10-07 16:42:59 INFO  [http-nio-8082-exec-1] o.a.c.c.C.[Tomcat].[localhost].[/] - Initializing Spring DispatcherServlet 'dispatcherServlet'
2025-10-07 16:42:59 INFO  [http-nio-8082-exec-1] o.s.web.servlet.DispatcherServlet - Initializing Servlet 'dispatcherServlet'
2025-10-07 16:42:59 INFO  [http-nio-8082-exec-1] o.s.web.servlet.DispatcherServlet - Completed initialization in 12 ms
2025-10-07 16:43:26 INFO  [http-nio-8082-exec-1] c.p.service.PatientService - Add patient: PatientRequestDTO(name=Deep, age=25, gender=M, phone=123654789, address=Maharashtra, medicalHistory=fear, disease=Kuchh bhi, admittedDate=2025-09-18)
2025-10-07 16:45:42 WARN  [HikariPool-1:housekeeper] com.zaxxer.hikari.pool.HikariPool - HikariPool-1 - Thread starvation or clock leap detected (housekeeper delta=1m18s987ms749µs700ns).
2025-10-07 16:48:02 INFO  [SpringApplicationShutdownHook] o.s.b.w.e.tomcat.GracefulShutdown - Commencing graceful shutdown. Waiting for active requests to complete
2025-10-07 16:48:02 INFO  [tomcat-shutdown] o.s.b.w.e.tomcat.GracefulShutdown - Graceful shutdown complete
2025-10-07 16:48:02 INFO  [SpringApplicationShutdownHook] o.s.o.j.LocalContainerEntityManagerFactoryBean - Closing JPA EntityManagerFactory for persistence unit 'default'
2025-10-07 16:48:02 INFO  [SpringApplicationShutdownHook] com.zaxxer.hikari.HikariDataSource - HikariPool-1 - Shutdown initiated...
2025-10-07 16:48:02 INFO  [SpringApplicationShutdownHook] com.zaxxer.hikari.HikariDataSource - HikariPool-1 - Shutdown completed.
