2025-10-07 14:59:05 INFO  [main] c.hms.auth.AuthenticationApplication - Starting AuthenticationApplication using Java 24.0.1 with PID 17164 (D:\Projects\Microservices\HMS\auth\target\classes started by JD in D:\Projects\Microservices\HMS\auth)
2025-10-07 14:59:05 DEBUG [main] c.hms.auth.AuthenticationApplication - Running with Spring Boot v3.5.6, Spring v6.2.11
2025-10-07 14:59:05 INFO  [main] c.hms.auth.AuthenticationApplication - No active profile set, falling back to 1 default profile: "default"
2025-10-07 14:59:11 INFO  [main] o.s.d.r.c.RepositoryConfigurationDelegate - Bootstrapping Spring Data JPA repositories in DEFAULT mode.
2025-10-07 14:59:11 INFO  [main] o.s.d.r.c.RepositoryConfigurationDelegate - Finished Spring Data repository scanning in 499 ms. Found 2 JPA repository interfaces.
2025-10-07 14:59:16 INFO  [main] o.s.b.w.e.tomcat.TomcatWebServer - Tomcat initialized with port 8080 (http)
2025-10-07 14:59:16 INFO  [main] o.a.catalina.core.StandardService - Starting service [Tomcat]
2025-10-07 14:59:16 INFO  [main] o.a.catalina.core.StandardEngine - Starting Servlet engine: [Apache Tomcat/10.1.46]
2025-10-07 14:59:16 INFO  [main] o.a.c.c.C.[Tomcat].[localhost].[/] - Initializing Spring embedded WebApplicationContext
2025-10-07 14:59:16 INFO  [main] o.s.b.w.s.c.ServletWebServerApplicationContext - Root WebApplicationContext: initialization completed in 11149 ms
2025-10-07 14:59:17 INFO  [main] com.zaxxer.hikari.HikariDataSource - HikariPool-1 - Starting...
2025-10-07 14:59:20 INFO  [main] com.zaxxer.hikari.pool.HikariPool - HikariPool-1 - Added connection org.postgresql.jdbc.PgConnection@3a8cea24
2025-10-07 14:59:20 INFO  [main] com.zaxxer.hikari.HikariDataSource - HikariPool-1 - Start completed.
2025-10-07 14:59:20 INFO  [main] o.h.jpa.internal.util.LogHelper - HHH000204: Processing PersistenceUnitInfo [name: default]
2025-10-07 14:59:21 INFO  [main] org.hibernate.Version - HHH000412: Hibernate ORM core version 6.6.29.Final
2025-10-07 14:59:21 INFO  [main] o.h.c.i.RegionFactoryInitiator - HHH000026: Second-level cache disabled
2025-10-07 14:59:22 INFO  [main] o.s.o.j.p.SpringPersistenceUnitInfo - No LoadTimeWeaver setup: ignoring JPA class transformer
2025-10-07 14:59:23 WARN  [main] org.hibernate.orm.deprecation - HHH90000025: PostgreSQLDialect does not need to be specified explicitly using 'hibernate.dialect' (remove the property setting and it will be selected by default)
2025-10-07 14:59:23 INFO  [main] o.hibernate.orm.connections.pooling - HHH10001005: Database info:
	Database JDBC URL [Connecting through datasource 'HikariDataSource (HikariPool-1)']
	Database driver: undefined/unknown
	Database version: 17.4
	Autocommit mode: undefined/unknown
	Isolation level: undefined/unknown
	Minimum pool size: undefined/unknown
	Maximum pool size: undefined/unknown
2025-10-07 14:59:27 INFO  [main] o.h.e.t.j.p.i.JtaPlatformInitiator - HHH000489: No JTA platform available (set 'hibernate.transaction.jta.platform' to enable JTA platform integration)
2025-10-07 14:59:27 INFO  [main] o.s.o.j.LocalContainerEntityManagerFactoryBean - Initialized JPA EntityManagerFactory for persistence unit 'default'
2025-10-07 14:59:28 DEBUG [main] com.hms.auth.security.JwtAuthFilter - Filter 'jwtAuthFilter' configured for use
2025-10-07 14:59:29 INFO  [main] o.s.s.c.a.a.c.InitializeUserDetailsBeanManagerConfigurer$InitializeUserDetailsManagerConfigurer - Global AuthenticationManager configured with UserDetailsService bean with name customUserDetailsService
2025-10-07 14:59:29 WARN  [main] o.s.b.a.o.j.JpaBaseConfiguration$JpaWebConfiguration - spring.jpa.open-in-view is enabled by default. Therefore, database queries may be performed during view rendering. Explicitly configure spring.jpa.open-in-view to disable this warning
2025-10-07 14:59:31 INFO  [main] o.s.b.w.e.tomcat.TomcatWebServer - Tomcat started on port 8080 (http) with context path '/'
2025-10-07 14:59:31 INFO  [main] c.hms.auth.AuthenticationApplication - Started AuthenticationApplication in 28.138 seconds (process running for 31.99)
2025-10-07 15:00:43 INFO  [http-nio-8080-exec-2] o.a.c.c.C.[Tomcat].[localhost].[/] - Initializing Spring DispatcherServlet 'dispatcherServlet'
2025-10-07 15:00:43 INFO  [http-nio-8080-exec-2] o.s.web.servlet.DispatcherServlet - Initializing Servlet 'dispatcherServlet'
2025-10-07 15:00:43 INFO  [http-nio-8080-exec-2] o.s.web.servlet.DispatcherServlet - Completed initialization in 2 ms
2025-10-07 15:00:43 DEBUG [http-nio-8080-exec-2] com.hms.auth.security.JwtAuthFilter - Inside JwtAuthFilter#doFilterInternal
2025-10-07 15:00:43 DEBUG [http-nio-8080-exec-2] com.hms.auth.security.JwtAuthFilter - No Bearer token found in request headers
2025-10-07 15:00:44 INFO  [http-nio-8080-exec-2] com.hms.auth.service.AuthService - Login attempt: jaydeep1
2025-10-07 15:00:45 INFO  [http-nio-8080-exec-2] com.hms.auth.service.AuthService - Login success: jaydeep1 (roles=[ROLE_DOCTOR])
2025-10-07 15:46:33 DEBUG [http-nio-8080-exec-4] com.hms.auth.security.JwtAuthFilter - Inside JwtAuthFilter#doFilterInternal
2025-10-07 15:46:33 DEBUG [http-nio-8080-exec-4] com.hms.auth.security.JwtAuthFilter - No Bearer token found in request headers
2025-10-07 15:46:34 INFO  [http-nio-8080-exec-4] com.hms.auth.service.AuthService - Login attempt: jaydeep1
2025-10-07 15:46:34 INFO  [http-nio-8080-exec-4] com.hms.auth.service.AuthService - Login success: jaydeep1 (roles=[ROLE_DOCTOR])
2025-10-07 17:20:36 WARN  [HikariPool-1:housekeeper] com.zaxxer.hikari.pool.HikariPool - HikariPool-1 - Thread starvation or clock leap detected (housekeeper delta=30m15s923ms100µs).
2025-10-07 18:33:14 WARN  [HikariPool-1:housekeeper] com.zaxxer.hikari.pool.HikariPool - HikariPool-1 - Thread starvation or clock leap detected (housekeeper delta=1h12m41s786ms274µs400ns).
2025-10-07 18:33:37 INFO  [SpringApplicationShutdownHook] o.s.b.w.e.tomcat.GracefulShutdown - Commencing graceful shutdown. Waiting for active requests to complete
2025-10-07 18:33:37 INFO  [tomcat-shutdown] o.s.b.w.e.tomcat.GracefulShutdown - Graceful shutdown complete
2025-10-07 18:33:37 INFO  [SpringApplicationShutdownHook] o.s.o.j.LocalContainerEntityManagerFactoryBean - Closing JPA EntityManagerFactory for persistence unit 'default'
2025-10-07 18:33:37 INFO  [SpringApplicationShutdownHook] com.zaxxer.hikari.HikariDataSource - HikariPool-1 - Shutdown initiated...
2025-10-07 18:33:38 INFO  [SpringApplicationShutdownHook] com.zaxxer.hikari.HikariDataSource - HikariPool-1 - Shutdown completed.
